mode: set
gitlab.com/the-witcher-knight/envconfig/lookup.go:33.53,35.2 1 1
gitlab.com/the-witcher-knight/envconfig/lookup.go:38.26,40.2 1 1
gitlab.com/the-witcher-knight/envconfig/lookup.go:43.41,46.43 2 1
gitlab.com/the-witcher-knight/envconfig/lookup.go:46.43,51.27 3 1
gitlab.com/the-witcher-knight/envconfig/lookup.go:51.27,52.12 1 0
gitlab.com/the-witcher-knight/envconfig/lookup.go:56.3,56.42 1 1
gitlab.com/the-witcher-knight/envconfig/lookup.go:56.42,57.50 1 1
gitlab.com/the-witcher-knight/envconfig/lookup.go:57.50,59.5 1 1
gitlab.com/the-witcher-knight/envconfig/lookup.go:61.4,61.12 1 1
gitlab.com/the-witcher-knight/envconfig/lookup.go:65.3,66.20 2 1
gitlab.com/the-witcher-knight/envconfig/lookup.go:66.20,67.12 1 0
gitlab.com/the-witcher-knight/envconfig/lookup.go:71.3,74.40 2 1
gitlab.com/the-witcher-knight/envconfig/lookup.go:74.40,75.64 1 1
gitlab.com/the-witcher-knight/envconfig/lookup.go:75.64,77.5 1 1
gitlab.com/the-witcher-knight/envconfig/lookup.go:81.3,81.70 1 1
gitlab.com/the-witcher-knight/envconfig/lookup.go:81.70,83.4 1 0
gitlab.com/the-witcher-knight/envconfig/lookup.go:86.2,86.13 1 1
gitlab.com/the-witcher-knight/envconfig/lookup.go:90.85,92.20 1 1
gitlab.com/the-witcher-knight/envconfig/lookup.go:92.20,94.3 1 1
gitlab.com/the-witcher-knight/envconfig/lookup.go:96.2,96.27 1 1
gitlab.com/the-witcher-knight/envconfig/lookup.go:97.22,98.52 1 1
gitlab.com/the-witcher-knight/envconfig/lookup.go:99.19,101.17 2 1
gitlab.com/the-witcher-knight/envconfig/lookup.go:101.17,103.4 1 0
gitlab.com/the-witcher-knight/envconfig/lookup.go:105.3,105.23 1 1
gitlab.com/the-witcher-knight/envconfig/lookup.go:106.20,108.17 2 1
gitlab.com/the-witcher-knight/envconfig/lookup.go:108.17,110.4 1 0
gitlab.com/the-witcher-knight/envconfig/lookup.go:112.3,112.24 1 1
gitlab.com/the-witcher-knight/envconfig/lookup.go:113.10,114.78 1 0
gitlab.com/the-witcher-knight/envconfig/lookup.go:117.2,117.12 1 1
gitlab.com/the-witcher-knight/envconfig/lookup.go:121.64,122.29 1 1
gitlab.com/the-witcher-knight/envconfig/lookup.go:122.29,124.3 1 0
gitlab.com/the-witcher-knight/envconfig/lookup.go:126.2,127.20 2 1
gitlab.com/the-witcher-knight/envconfig/lookup.go:127.20,129.3 1 1
gitlab.com/the-witcher-knight/envconfig/lookup.go:131.2,137.53 4 1
gitlab.com/the-witcher-knight/envconfig/lookup.go:137.53,139.23 2 1
gitlab.com/the-witcher-knight/envconfig/lookup.go:139.23,144.67 3 1
gitlab.com/the-witcher-knight/envconfig/lookup.go:144.67,146.5 1 1
gitlab.com/the-witcher-knight/envconfig/lookup.go:148.4,148.12 1 1
gitlab.com/the-witcher-knight/envconfig/lookup.go:151.3,151.65 1 0
gitlab.com/the-witcher-knight/envconfig/lookup.go:154.2,154.28 1 1
gitlab.com/the-witcher-knight/envconfig/validator.go:19.47,21.2 1 1
gitlab.com/the-witcher-knight/envconfig/validator.go:23.73,24.17 1 1
gitlab.com/the-witcher-knight/envconfig/validator.go:24.17,26.3 1 1
gitlab.com/the-witcher-knight/envconfig/validator.go:27.2,27.12 1 1
gitlab.com/the-witcher-knight/envconfig/validator.go:34.55,38.2 1 1
gitlab.com/the-witcher-knight/envconfig/validator.go:40.78,41.49 1 1
gitlab.com/the-witcher-knight/envconfig/validator.go:41.49,42.29 1 1
gitlab.com/the-witcher-knight/envconfig/validator.go:42.29,44.4 1 1
gitlab.com/the-witcher-knight/envconfig/validator.go:47.2,47.65 1 1
gitlab.com/the-witcher-knight/envconfig/examples/main.go:16.13,23.44 2 0
gitlab.com/the-witcher-knight/envconfig/examples/main.go:23.44,25.6 1 0
gitlab.com/the-witcher-knight/envconfig/examples/main.go:27.5,27.27 1 0
gitlab.com/the-witcher-knight/envconfig/examples/main.go:16.13,23.44 2 0
gitlab.com/the-witcher-knight/envconfig/examples/main.go:23.44,25.6 1 0
gitlab.com/the-witcher-knight/envconfig/examples/main.go:27.5,27.27 1 0
